[0528/180514.092:ERROR:inspector_emulation_agent.cc(537)] Can only enable virtual time for pages, not workers
[0528/180514.092:ERROR:inspector_emulation_agent.cc(537)] Can only enable virtual time for pages, not workers
[0528/180514.092:ERROR:inspector_emulation_agent.cc(537)] Can only enable virtual time for pages, not workers
[0528/180514.092:ERROR:inspector_emulation_agent.cc(537)] Can only enable virtual time for pages, not workers
[0528/180514.093:ERROR:inspector_emulation_agent.cc(537)] Can only enable virtual time for pages, not workers
[0528/180514.093:ERROR:inspector_emulation_agent.cc(537)] Can only enable virtual time for pages, not workers
[0528/180514.093:ERROR:inspector_emulation_agent.cc(537)] Can only enable virtual time for pages, not workers
[0529/083448.828:ERROR:CONSOLE(9)] "[object ErrorEvent]", source: chrome-devtools://devtools/formatter/formatter_module.js (9)
[0529/083527.816:ERROR:inspector_emulation_agent.cc(537)] Can only enable virtual time for pages, not workers
[0529/083527.816:ERROR:inspector_emulation_agent.cc(537)] Can only enable virtual time for pages, not workers
[0529/083527.816:ERROR:inspector_emulation_agent.cc(537)] Can only enable virtual time for pages, not workers
[0529/083527.816:ERROR:inspector_emulation_agent.cc(537)] Can only enable virtual time for pages, not workers
[0529/083527.816:ERROR:inspector_emulation_agent.cc(537)] Can only enable virtual time for pages, not workers
[0529/083527.816:ERROR:inspector_emulation_agent.cc(537)] Can only enable virtual time for pages, not workers
[0529/083527.816:ERROR:inspector_emulation_agent.cc(537)] Can only enable virtual time for pages, not workers
[0529/083531.405:ERROR:broker_win.cc(137)] Error sending sync broker message: The pipe is being closed. (0xE8)
[0529/083531.406:ERROR:command_buffer_proxy_impl.cc(101)] ContextResult::kFatalFailure: AllocateAndMapSharedMemory failed
[0529/085557.743:ERROR:inspector_emulation_agent.cc(537)] Can only enable virtual time for pages, not workers
[0529/085557.744:ERROR:inspector_emulation_agent.cc(537)] Can only enable virtual time for pages, not workers
[0529/085557.744:ERROR:inspector_emulation_agent.cc(537)] Can only enable virtual time for pages, not workers
[0529/085557.744:ERROR:inspector_emulation_agent.cc(537)] Can only enable virtual time for pages, not workers
[0529/085557.744:ERROR:inspector_emulation_agent.cc(537)] Can only enable virtual time for pages, not workers
[0529/085557.744:ERROR:inspector_emulation_agent.cc(537)] Can only enable virtual time for pages, not workers
[0529/085557.744:ERROR:inspector_emulation_agent.cc(537)] Can only enable virtual time for pages, not workers
[0529/085601.823:ERROR:broker_win.cc(137)] Error sending sync broker message: The pipe is being closed. (0xE8)
[0529/085601.824:ERROR:command_buffer_proxy_impl.cc(101)] ContextResult::kFatalFailure: AllocateAndMapSharedMemory failed
[0529/085925.828:ERROR:inspector_emulation_agent.cc(537)] Can only enable virtual time for pages, not workers
[0529/085925.828:ERROR:inspector_emulation_agent.cc(537)] Can only enable virtual time for pages, not workers
[0529/085925.828:ERROR:inspector_emulation_agent.cc(537)] Can only enable virtual time for pages, not workers
[0529/085925.828:ERROR:inspector_emulation_agent.cc(537)] Can only enable virtual time for pages, not workers
[0529/085925.829:ERROR:inspector_emulation_agent.cc(537)] Can only enable virtual time for pages, not workers
[0529/085925.829:ERROR:inspector_emulation_agent.cc(537)] Can only enable virtual time for pages, not workers
[0529/085925.829:ERROR:inspector_emulation_agent.cc(537)] Can only enable virtual time for pages, not workers
[0529/085931.598:ERROR:broker_win.cc(137)] Error sending sync broker message: The pipe is being closed. (0xE8)
[0529/085931.599:ERROR:command_buffer_proxy_impl.cc(101)] ContextResult::kFatalFailure: AllocateAndMapSharedMemory failed
[0529/092621.388:ERROR:inspector_emulation_agent.cc(537)] Can only enable virtual time for pages, not workers
[0529/092621.389:ERROR:inspector_emulation_agent.cc(537)] Can only enable virtual time for pages, not workers
[0529/092621.390:ERROR:inspector_emulation_agent.cc(537)] Can only enable virtual time for pages, not workers
[0529/092621.390:ERROR:inspector_emulation_agent.cc(537)] Can only enable virtual time for pages, not workers
[0529/092621.390:ERROR:inspector_emulation_agent.cc(537)] Can only enable virtual time for pages, not workers
[0529/092621.390:ERROR:inspector_emulation_agent.cc(537)] Can only enable virtual time for pages, not workers
[0529/092621.390:ERROR:inspector_emulation_agent.cc(537)] Can only enable virtual time for pages, not workers
[0529/092658.000:ERROR:inspector_emulation_agent.cc(537)] Can only enable virtual time for pages, not workers
[0529/092658.000:ERROR:inspector_emulation_agent.cc(537)] Can only enable virtual time for pages, not workers
[0529/092658.001:ERROR:inspector_emulation_agent.cc(537)] Can only enable virtual time for pages, not workers
[0529/092658.001:ERROR:inspector_emulation_agent.cc(537)] Can only enable virtual time for pages, not workers
[0529/092658.001:ERROR:inspector_emulation_agent.cc(537)] Can only enable virtual time for pages, not workers
[0529/092658.001:ERROR:inspector_emulation_agent.cc(537)] Can only enable virtual time for pages, not workers
[0529/092658.001:ERROR:inspector_emulation_agent.cc(537)] Can only enable virtual time for pages, not workers
[0529/092720.905:ERROR:inspector_emulation_agent.cc(537)] Can only enable virtual time for pages, not workers
[0529/092720.905:ERROR:inspector_emulation_agent.cc(537)] Can only enable virtual time for pages, not workers
[0529/092720.905:ERROR:inspector_emulation_agent.cc(537)] Can only enable virtual time for pages, not workers
[0529/092720.905:ERROR:inspector_emulation_agent.cc(537)] Can only enable virtual time for pages, not workers
[0529/092720.905:ERROR:inspector_emulation_agent.cc(537)] Can only enable virtual time for pages, not workers
[0529/092720.905:ERROR:inspector_emulation_agent.cc(537)] Can only enable virtual time for pages, not workers
[0529/092720.905:ERROR:inspector_emulation_agent.cc(537)] Can only enable virtual time for pages, not workers
[0529/093320.403:ERROR:inspector_emulation_agent.cc(537)] Can only enable virtual time for pages, not workers
[0529/093320.403:ERROR:inspector_emulation_agent.cc(537)] Can only enable virtual time for pages, not workers
[0529/093320.403:ERROR:inspector_emulation_agent.cc(537)] Can only enable virtual time for pages, not workers
[0529/093320.403:ERROR:inspector_emulation_agent.cc(537)] Can only enable virtual time for pages, not workers
[0529/093320.403:ERROR:inspector_emulation_agent.cc(537)] Can only enable virtual time for pages, not workers
[0529/093320.404:ERROR:inspector_emulation_agent.cc(537)] Can only enable virtual time for pages, not workers
[0529/093320.404:ERROR:inspector_emulation_agent.cc(537)] Can only enable virtual time for pages, not workers
[0529/093434.502:ERROR:broker_win.cc(137)] Error sending sync broker message: The pipe is being closed. (0xE8)
[0529/093434.503:ERROR:command_buffer_proxy_impl.cc(101)] ContextResult::kFatalFailure: AllocateAndMapSharedMemory failed
[0529/093707.935:INFO:CONSOLE(2)] "Uncaught (in promise) NotAllowedError: play() failed because the user didn't interact with the document first. https://goo.gl/xX8pDD", source: https://web.whatsapp.com/app2.f0158d8b55c091e6379e.js (2)
[0529/094001.234:ERROR:broker_win.cc(137)] Error sending sync broker message: The pipe is being closed. (0xE8)
[0529/094001.235:ERROR:command_buffer_proxy_impl.cc(101)] ContextResult::kFatalFailure: AllocateAndMapSharedMemory failed
[0529/102322.309:INFO:CONSOLE(2)] "Uncaught (in promise) NotAllowedError: play() failed because the user didn't interact with the document first. https://goo.gl/xX8pDD", source: https://web.whatsapp.com/app2.f0158d8b55c091e6379e.js (2)
[0529/103505.683:INFO:CONSOLE(2)] "Uncaught (in promise) NotAllowedError: play() failed because the user didn't interact with the document first. https://goo.gl/xX8pDD", source: https://web.whatsapp.com/app2.f0158d8b55c091e6379e.js (2)
[0529/103540.635:INFO:CONSOLE(2)] "Uncaught (in promise) NotAllowedError: play() failed because the user didn't interact with the document first. https://goo.gl/xX8pDD", source: https://web.whatsapp.com/app2.f0158d8b55c091e6379e.js (2)
[0529/104503.037:ERROR:broker_win.cc(137)] Error sending sync broker message: The pipe is being closed. (0xE8)
[0529/104503.037:ERROR:command_buffer_proxy_impl.cc(101)] ContextResult::kFatalFailure: AllocateAndMapSharedMemory failed
[0529/105044.228:INFO:CONSOLE(2)] "Uncaught (in promise) NotAllowedError: play() failed because the user didn't interact with the document first. https://goo.gl/xX8pDD", source: https://web.whatsapp.com/app2.f0158d8b55c091e6379e.js (2)
[0529/114500.154:INFO:CONSOLE(2)] "Uncaught (in promise) NotAllowedError: play() failed because the user didn't interact with the document first. https://goo.gl/xX8pDD", source: https://web.whatsapp.com/app2.f0158d8b55c091e6379e.js (2)
[0529/115851.334:INFO:CONSOLE(2)] "Uncaught (in promise) NotAllowedError: play() failed because the user didn't interact with the document first. https://goo.gl/xX8pDD", source: https://web.whatsapp.com/app2.f0158d8b55c091e6379e.js (2)
[0529/121513.410:INFO:CONSOLE(1)] "Uncaught SyntaxError: Invalid or unexpected token", source: about:blank (1)
[0529/121739.945:INFO:CONSOLE(1)] "Uncaught SyntaxError: Invalid or unexpected token", source: about:blank (1)
[0529/122139.843:INFO:CONSOLE(1)] "Uncaught SyntaxError: Invalid or unexpected token", source: about:blank (1)
[0529/122410.076:INFO:CONSOLE(1)] "Uncaught SyntaxError: Invalid or unexpected token", source: about:blank (1)
[0529/125307.420:ERROR:inspector_emulation_agent.cc(537)] Can only enable virtual time for pages, not workers
[0529/125307.420:ERROR:inspector_emulation_agent.cc(537)] Can only enable virtual time for pages, not workers
[0529/125307.420:ERROR:inspector_emulation_agent.cc(537)] Can only enable virtual time for pages, not workers
[0529/125307.420:ERROR:inspector_emulation_agent.cc(537)] Can only enable virtual time for pages, not workers
[0529/125307.420:ERROR:inspector_emulation_agent.cc(537)] Can only enable virtual time for pages, not workers
[0529/125307.420:ERROR:inspector_emulation_agent.cc(537)] Can only enable virtual time for pages, not workers
[0529/125307.420:ERROR:inspector_emulation_agent.cc(537)] Can only enable virtual time for pages, not workers
[0529/132811.126:INFO:CONSOLE(1)] "Uncaught SyntaxError: Invalid or unexpected token", source: about:blank (1)
[0529/150411.926:INFO:CONSOLE(2)] "WebSocket connection to 'wss://web.whatsapp.com/ws' failed: Error in connection establishment: net::ERR_NETWORK_IO_SUSPENDED", source: https://web.whatsapp.com/app.383a0543b86498c5919e.js (2)
[0529/150416.771:INFO:CONSOLE(2)] "WebSocket connection to 'wss://web.whatsapp.com/ws' failed: Error in connection establishment: net::ERR_NETWORK_CHANGED", source: https://web.whatsapp.com/app.383a0543b86498c5919e.js (2)
[0529/155932.920:INFO:CONSOLE(2)] "WebSocket connection to 'wss://web.whatsapp.com/ws' failed: Error in connection establishment: net::ERR_NETWORK_IO_SUSPENDED", source: https://web.whatsapp.com/app.383a0543b86498c5919e.js (2)
[0529/155938.372:INFO:CONSOLE(2)] "WebSocket connection to 'wss://web.whatsapp.com/ws' failed: Error in connection establishment: net::ERR_NETWORK_CHANGED", source: https://web.whatsapp.com/app.383a0543b86498c5919e.js (2)
[0529/155941.831:INFO:CONSOLE(2)] "WebSocket connection to 'wss://web.whatsapp.com/ws' failed: ", source: https://web.whatsapp.com/app.383a0543b86498c5919e.js (2)
[0529/165225.739:INFO:CONSOLE(2)] "Uncaught (in promise) NotAllowedError: play() failed because the user didn't interact with the document first. https://goo.gl/xX8pDD", source: https://web.whatsapp.com/app2.f0158d8b55c091e6379e.js (2)
[0529/165822.932:INFO:CONSOLE(2)] "Uncaught (in promise) NotAllowedError: play() failed because the user didn't interact with the document first. https://goo.gl/xX8pDD", source: https://web.whatsapp.com/app2.f0158d8b55c091e6379e.js (2)
[0529/174551.419:WARNING:url_request_job_manager.cc(90)] Failed to map: chrome-devtools://devtools/product_registry_impl/product_registry_impl_module.js
[0529/174551.442:ERROR:CONSOLE(24)] "Empty response arrived for script 'chrome-devtools://devtools/product_registry_impl/product_registry_impl_module.js'", source: chrome-devtools://devtools/shell.js (24)
[0529/174551.447:ERROR:CONSOLE(108)] "Uncaught (in promise) Error: Could not instantiate: ProductRegistryImpl.Registry", source: chrome-devtools://devtools/shell.js (108)
[0529/174551.447:ERROR:CONSOLE(108)] "Uncaught (in promise) Error: Could not instantiate: ProductRegistryImpl.Registry", source: chrome-devtools://devtools/shell.js (108)
[0529/175723.917:ERROR:inspector_emulation_agent.cc(537)] Can only enable virtual time for pages, not workers
[0529/175723.918:ERROR:inspector_emulation_agent.cc(537)] Can only enable virtual time for pages, not workers
[0529/175723.918:ERROR:inspector_emulation_agent.cc(537)] Can only enable virtual time for pages, not workers
[0529/175723.918:ERROR:inspector_emulation_agent.cc(537)] Can only enable virtual time for pages, not workers
[0529/175723.919:ERROR:inspector_emulation_agent.cc(537)] Can only enable virtual time for pages, not workers
[0529/175723.919:ERROR:inspector_emulation_agent.cc(537)] Can only enable virtual time for pages, not workers
[0529/175723.919:ERROR:inspector_emulation_agent.cc(537)] Can only enable virtual time for pages, not workers
[0531/092500.494:INFO:CONSOLE(1)] "Uncaught TypeError: Cannot read property '__x_id' of undefined", source: about:blank (1)
[0531/092500.561:INFO:CONSOLE(1)] "Uncaught TypeError: Cannot read property '__x_displayName' of undefined", source: about:blank (1)
[0531/092511.751:INFO:CONSOLE(1)] "Uncaught TypeError: Cannot read property '__x_id' of undefined", source: about:blank (1)
[0531/092511.752:INFO:CONSOLE(1)] "Uncaught TypeError: Cannot read property '__x_displayName' of undefined", source: about:blank (1)
[0531/092522.797:INFO:CONSOLE(1)] "Uncaught TypeError: Cannot read property '__x_id' of undefined", source: about:blank (1)
[0531/092522.798:INFO:CONSOLE(1)] "Uncaught TypeError: Cannot read property '__x_displayName' of undefined", source: about:blank (1)
[0531/092533.815:INFO:CONSOLE(1)] "Uncaught TypeError: Cannot read property '__x_id' of undefined", source: about:blank (1)
[0531/092533.815:INFO:CONSOLE(1)] "Uncaught TypeError: Cannot read property '__x_displayName' of undefined", source: about:blank (1)
[0531/092544.825:INFO:CONSOLE(1)] "Uncaught TypeError: Cannot read property '__x_id' of undefined", source: about:blank (1)
[0531/092544.826:INFO:CONSOLE(1)] "Uncaught TypeError: Cannot read property '__x_displayName' of undefined", source: about:blank (1)
[0531/092555.836:INFO:CONSOLE(1)] "Uncaught TypeError: Cannot read property '__x_id' of undefined", source: about:blank (1)
[0531/092555.836:INFO:CONSOLE(1)] "Uncaught TypeError: Cannot read property '__x_displayName' of undefined", source: about:blank (1)
[0531/092606.856:INFO:CONSOLE(1)] "Uncaught TypeError: Cannot read property '__x_id' of undefined", source: about:blank (1)
[0531/092606.857:INFO:CONSOLE(1)] "Uncaught TypeError: Cannot read property '__x_displayName' of undefined", source: about:blank (1)
[0531/092617.867:INFO:CONSOLE(1)] "Uncaught TypeError: Cannot read property '__x_id' of undefined", source: about:blank (1)
[0531/092617.867:INFO:CONSOLE(1)] "Uncaught TypeError: Cannot read property '__x_displayName' of undefined", source: about:blank (1)
[0531/092628.879:INFO:CONSOLE(1)] "Uncaught TypeError: Cannot read property '__x_id' of undefined", source: about:blank (1)
[0531/092628.880:INFO:CONSOLE(1)] "Uncaught TypeError: Cannot read property '__x_displayName' of undefined", source: about:blank (1)
[0531/092639.890:INFO:CONSOLE(1)] "Uncaught TypeError: Cannot read property '__x_id' of undefined", source: about:blank (1)
[0531/092639.891:INFO:CONSOLE(1)] "Uncaught TypeError: Cannot read property '__x_displayName' of undefined", source: about:blank (1)
[0531/092650.901:INFO:CONSOLE(1)] "Uncaught TypeError: Cannot read property '__x_id' of undefined", source: about:blank (1)
[0531/092650.901:INFO:CONSOLE(1)] "Uncaught TypeError: Cannot read property '__x_displayName' of undefined", source: about:blank (1)
[0531/092701.913:INFO:CONSOLE(1)] "Uncaught TypeError: Cannot read property '__x_id' of undefined", source: about:blank (1)
[0531/092701.913:INFO:CONSOLE(1)] "Uncaught TypeError: Cannot read property '__x_displayName' of undefined", source: about:blank (1)
[0531/092712.928:INFO:CONSOLE(1)] "Uncaught TypeError: Cannot read property '__x_id' of undefined", source: about:blank (1)
[0531/092712.929:INFO:CONSOLE(1)] "Uncaught TypeError: Cannot read property '__x_displayName' of undefined", source: about:blank (1)
[0531/094628.046:ERROR:render_media_log.cc(30)] MediaEvent: MEDIA_ERROR_LOG_ENTRY {"error":"FFmpegDemuxer: no supported streams"}
[0531/094628.046:ERROR:render_media_log.cc(30)] MediaEvent: PIPELINE_ERROR DEMUXER_ERROR_NO_SUPPORTED_STREAMS
[0531/094635.318:ERROR:render_media_log.cc(30)] MediaEvent: MEDIA_ERROR_LOG_ENTRY {"error":"FFmpegDemuxer: no supported streams"}
[0531/094635.319:ERROR:render_media_log.cc(30)] MediaEvent: PIPELINE_ERROR DEMUXER_ERROR_NO_SUPPORTED_STREAMS
[0531/094839.694:ERROR:render_media_log.cc(30)] MediaEvent: MEDIA_ERROR_LOG_ENTRY {"error":"FFmpegDemuxer: no supported streams"}
[0531/094839.694:ERROR:render_media_log.cc(30)] MediaEvent: PIPELINE_ERROR DEMUXER_ERROR_NO_SUPPORTED_STREAMS
[0531/094841.032:ERROR:render_media_log.cc(30)] MediaEvent: MEDIA_ERROR_LOG_ENTRY {"error":"FFmpegDemuxer: no supported streams"}
[0531/094841.033:ERROR:render_media_log.cc(30)] MediaEvent: PIPELINE_ERROR DEMUXER_ERROR_NO_SUPPORTED_STREAMS
[0531/094857.491:ERROR:render_media_log.cc(30)] MediaEvent: MEDIA_ERROR_LOG_ENTRY {"error":"FFmpegDemuxer: no supported streams"}
[0531/094857.492:ERROR:render_media_log.cc(30)] MediaEvent: PIPELINE_ERROR DEMUXER_ERROR_NO_SUPPORTED_STREAMS
[0531/094904.432:ERROR:render_media_log.cc(30)] MediaEvent: MEDIA_ERROR_LOG_ENTRY {"error":"FFmpegDemuxer: no supported streams"}
[0531/094904.432:ERROR:render_media_log.cc(30)] MediaEvent: PIPELINE_ERROR DEMUXER_ERROR_NO_SUPPORTED_STREAMS
[0531/094923.714:ERROR:render_media_log.cc(30)] MediaEvent: MEDIA_ERROR_LOG_ENTRY {"error":"FFmpegDemuxer: no supported streams"}
[0531/094923.724:ERROR:render_media_log.cc(30)] MediaEvent: PIPELINE_ERROR DEMUXER_ERROR_NO_SUPPORTED_STREAMS
[0531/094923.750:ERROR:render_media_log.cc(30)] MediaEvent: MEDIA_ERROR_LOG_ENTRY {"error":"FFmpegDemuxer: no supported streams"}
[0531/094923.751:ERROR:render_media_log.cc(30)] MediaEvent: PIPELINE_ERROR DEMUXER_ERROR_NO_SUPPORTED_STREAMS
[0531/095115.976:ERROR:render_media_log.cc(30)] MediaEvent: MEDIA_ERROR_LOG_ENTRY {"error":"FFmpegDemuxer: no supported streams"}
[0531/095115.976:ERROR:render_media_log.cc(30)] MediaEvent: PIPELINE_ERROR DEMUXER_ERROR_NO_SUPPORTED_STREAMS
[0531/095240.773:ERROR:render_media_log.cc(30)] MediaEvent: MEDIA_ERROR_LOG_ENTRY {"error":"FFmpegDemuxer: no supported streams"}
[0531/095240.773:ERROR:render_media_log.cc(30)] MediaEvent: PIPELINE_ERROR DEMUXER_ERROR_NO_SUPPORTED_STREAMS
[0531/095246.033:ERROR:render_media_log.cc(30)] MediaEvent: MEDIA_ERROR_LOG_ENTRY {"error":"FFmpegDemuxer: no supported streams"}
[0531/095246.034:ERROR:render_media_log.cc(30)] MediaEvent: PIPELINE_ERROR DEMUXER_ERROR_NO_SUPPORTED_STREAMS
[0531/095332.020:ERROR:render_media_log.cc(30)] MediaEvent: MEDIA_ERROR_LOG_ENTRY {"error":"FFmpegDemuxer: no supported streams"}
[0531/095332.020:ERROR:render_media_log.cc(30)] MediaEvent: PIPELINE_ERROR DEMUXER_ERROR_NO_SUPPORTED_STREAMS
[0531/095355.382:ERROR:render_media_log.cc(30)] MediaEvent: MEDIA_ERROR_LOG_ENTRY {"error":"FFmpegDemuxer: no supported streams"}
[0531/095355.383:ERROR:render_media_log.cc(30)] MediaEvent: PIPELINE_ERROR DEMUXER_ERROR_NO_SUPPORTED_STREAMS
[0531/095356.355:ERROR:render_media_log.cc(30)] MediaEvent: MEDIA_ERROR_LOG_ENTRY {"error":"FFmpegDemuxer: no supported streams"}
[0531/095356.355:ERROR:render_media_log.cc(30)] MediaEvent: PIPELINE_ERROR DEMUXER_ERROR_NO_SUPPORTED_STREAMS
[0531/095406.209:ERROR:render_media_log.cc(30)] MediaEvent: MEDIA_ERROR_LOG_ENTRY {"error":"FFmpegDemuxer: no supported streams"}
[0531/095406.210:ERROR:render_media_log.cc(30)] MediaEvent: PIPELINE_ERROR DEMUXER_ERROR_NO_SUPPORTED_STREAMS
[0531/095508.949:ERROR:render_media_log.cc(30)] MediaEvent: MEDIA_ERROR_LOG_ENTRY {"error":"FFmpegDemuxer: no supported streams"}
[0531/095508.949:ERROR:render_media_log.cc(30)] MediaEvent: PIPELINE_ERROR DEMUXER_ERROR_NO_SUPPORTED_STREAMS
[0603/110516.483:INFO:CONSOLE(1)] "Uncaught TypeError: Cannot read property '__x_id' of undefined", source: about:blank (1)
[0603/110516.483:INFO:CONSOLE(1)] "Uncaught TypeError: Cannot read property '__x_displayName' of undefined", source: about:blank (1)
[0605/152637.141:ERROR:backend_impl.cc(1065)] Critical error found -8
[0605/152637.182:WARNING:storage_block-inl.h(131)] Failed data load.
[0607/091317.277:ERROR:inspector_emulation_agent.cc(537)] Can only enable virtual time for pages, not workers
[0607/091317.285:ERROR:inspector_emulation_agent.cc(537)] Can only enable virtual time for pages, not workers
[0607/091317.285:ERROR:inspector_emulation_agent.cc(537)] Can only enable virtual time for pages, not workers
[0607/091317.285:ERROR:inspector_emulation_agent.cc(537)] Can only enable virtual time for pages, not workers
[0607/091317.285:ERROR:inspector_emulation_agent.cc(537)] Can only enable virtual time for pages, not workers
[0607/091317.285:ERROR:inspector_emulation_agent.cc(537)] Can only enable virtual time for pages, not workers
[0607/091317.285:ERROR:inspector_emulation_agent.cc(537)] Can only enable virtual time for pages, not workers
[0607/091317.299:ERROR:broker_win.cc(137)] Error sending sync broker message: The pipe is being closed. (0xE8)
[0607/091317.317:ERROR:command_buffer_proxy_impl.cc(101)] ContextResult::kFatalFailure: AllocateAndMapSharedMemory failed
[0607/091458.252:INFO:CONSOLE(27)] "The provided value 'moz-chunked-arraybuffer' is not a valid enum value of type XMLHttpRequestResponseType.", source: https://web.whatsapp.com/pdf.worker.fc0b1bfdd5dbccf8371ca82433178e93.js (27)
[0607/091735.958:INFO:CONSOLE(2)] "Uncaught (in promise) NotAllowedError: play() failed because the user didn't interact with the document first. https://goo.gl/xX8pDD", source: https://web.whatsapp.com/app2.f0158d8b55c091e6379e.js (2)
[0607/092106.265:INFO:CONSOLE(2)] "Uncaught (in promise) NotAllowedError: play() failed because the user didn't interact with the document first. https://goo.gl/xX8pDD", source: https://web.whatsapp.com/app2.f0158d8b55c091e6379e.js (2)
[0607/092617.847:INFO:CONSOLE(2)] "Uncaught (in promise) NotAllowedError: play() failed because the user didn't interact with the document first. https://goo.gl/xX8pDD", source: https://web.whatsapp.com/app2.f0158d8b55c091e6379e.js (2)
[0607/160800.612:INFO:CONSOLE(27)] "The provided value 'moz-chunked-arraybuffer' is not a valid enum value of type XMLHttpRequestResponseType.", source: https://web.whatsapp.com/pdf.worker.fc0b1bfdd5dbccf8371ca82433178e93.js (27)
[0607/160900.635:INFO:CONSOLE(27)] "The provided value 'moz-chunked-arraybuffer' is not a valid enum value of type XMLHttpRequestResponseType.", source: https://web.whatsapp.com/pdf.worker.fc0b1bfdd5dbccf8371ca82433178e93.js (27)
[0610/092131.216:INFO:CONSOLE(27)] "The provided value 'moz-chunked-arraybuffer' is not a valid enum value of type XMLHttpRequestResponseType.", source: https://web.whatsapp.com/pdf.worker.fc0b1bfdd5dbccf8371ca82433178e93.js (27)
[0610/092358.683:INFO:CONSOLE(27)] "The provided value 'moz-chunked-arraybuffer' is not a valid enum value of type XMLHttpRequestResponseType.", source: https://web.whatsapp.com/pdf.worker.fc0b1bfdd5dbccf8371ca82433178e93.js (27)
[0611/085214.395:INFO:CONSOLE(2)] "Uncaught (in promise) NotAllowedError: play() failed because the user didn't interact with the document first. https://goo.gl/xX8pDD", source: https://web.whatsapp.com/app2.f0158d8b55c091e6379e.js (2)
[0611/085314.462:INFO:CONSOLE(2)] "Uncaught (in promise) NotAllowedError: play() failed because the user didn't interact with the document first. https://goo.gl/xX8pDD", source: https://web.whatsapp.com/app2.f0158d8b55c091e6379e.js (2)
[0611/085420.421:INFO:CONSOLE(2)] "Uncaught (in promise) NotAllowedError: play() failed because the user didn't interact with the document first. https://goo.gl/xX8pDD", source: https://web.whatsapp.com/app2.f0158d8b55c091e6379e.js (2)
[0611/090039.693:INFO:CONSOLE(2)] "Uncaught (in promise) NotAllowedError: play() failed because the user didn't interact with the document first. https://goo.gl/xX8pDD", source: https://web.whatsapp.com/app2.f0158d8b55c091e6379e.js (2)
[0611/090200.610:INFO:CONSOLE(2)] "Uncaught (in promise) NotAllowedError: play() failed because the user didn't interact with the document first. https://goo.gl/xX8pDD", source: https://web.whatsapp.com/app2.f0158d8b55c091e6379e.js (2)
[0611/090446.460:ERROR:broker_win.cc(137)] Error sending sync broker message: The pipe is being closed. (0xE8)
[0611/090446.476:ERROR:command_buffer_proxy_impl.cc(101)] ContextResult::kFatalFailure: AllocateAndMapSharedMemory failed
[0611/095124.602:INFO:CONSOLE(2)] "Uncaught (in promise) NotAllowedError: play() failed because the user didn't interact with the document first. https://goo.gl/xX8pDD", source: https://web.whatsapp.com/app2.f0158d8b55c091e6379e.js (2)
[0611/100539.662:WARNING:dns_config_service_win.cc(669)] Failed to read DnsConfig.
[0611/100544.669:WARNING:dns_config_service_win.cc(669)] Failed to read DnsConfig.
[0611/100549.674:WARNING:dns_config_service_win.cc(669)] Failed to read DnsConfig.
[0611/100554.679:WARNING:dns_config_service_win.cc(669)] Failed to read DnsConfig.
[0611/100653.003:INFO:CONSOLE(2)] "Uncaught (in promise) NotAllowedError: play() failed because the user didn't interact with the document first. https://goo.gl/xX8pDD", source: https://web.whatsapp.com/app2.f0158d8b55c091e6379e.js (2)
[0611/104801.711:INFO:CONSOLE(2)] "Uncaught (in promise) NotAllowedError: play() failed because the user didn't interact with the document first. https://goo.gl/xX8pDD", source: https://web.whatsapp.com/app2.f0158d8b55c091e6379e.js (2)
[0611/104852.738:INFO:CONSOLE(2)] "Uncaught (in promise) NotAllowedError: play() failed because the user didn't interact with the document first. https://goo.gl/xX8pDD", source: https://web.whatsapp.com/app2.f0158d8b55c091e6379e.js (2)
[0611/105102.149:INFO:CONSOLE(2)] "Uncaught (in promise) NotAllowedError: play() failed because the user didn't interact with the document first. https://goo.gl/xX8pDD", source: https://web.whatsapp.com/app2.f0158d8b55c091e6379e.js (2)
[0611/111045.760:INFO:CONSOLE(2)] "Uncaught (in promise) NotAllowedError: play() failed because the user didn't interact with the document first. https://goo.gl/xX8pDD", source: https://web.whatsapp.com/app2.f0158d8b55c091e6379e.js (2)
[0611/111216.266:INFO:CONSOLE(2)] "Uncaught (in promise) NotAllowedError: play() failed because the user didn't interact with the document first. https://goo.gl/xX8pDD", source: https://web.whatsapp.com/app2.f0158d8b55c091e6379e.js (2)
[0611/111300.007:INFO:CONSOLE(2)] "Uncaught (in promise) NotAllowedError: play() failed because the user didn't interact with the document first. https://goo.gl/xX8pDD", source: https://web.whatsapp.com/app2.f0158d8b55c091e6379e.js (2)
[0611/111653.024:INFO:CONSOLE(2)] "Uncaught (in promise) NotAllowedError: play() failed because the user didn't interact with the document first. https://goo.gl/xX8pDD", source: https://web.whatsapp.com/app2.f0158d8b55c091e6379e.js (2)
[0611/111841.970:INFO:CONSOLE(2)] "Uncaught (in promise) NotAllowedError: play() failed because the user didn't interact with the document first. https://goo.gl/xX8pDD", source: https://web.whatsapp.com/app2.f0158d8b55c091e6379e.js (2)
[0611/112607.975:INFO:CONSOLE(2)] "Uncaught (in promise) NotAllowedError: play() failed because the user didn't interact with the document first. https://goo.gl/xX8pDD", source: https://web.whatsapp.com/app2.f0158d8b55c091e6379e.js (2)
[0611/114413.992:INFO:CONSOLE(2)] "Uncaught (in promise) NotAllowedError: play() failed because the user didn't interact with the document first. https://goo.gl/xX8pDD", source: https://web.whatsapp.com/app2.f0158d8b55c091e6379e.js (2)
[0611/114643.653:INFO:CONSOLE(2)] "Uncaught (in promise) NotAllowedError: play() failed because the user didn't interact with the document first. https://goo.gl/xX8pDD", source: https://web.whatsapp.com/app2.f0158d8b55c091e6379e.js (2)
[0611/115237.881:INFO:CONSOLE(2)] "Uncaught (in promise) NotAllowedError: play() failed because the user didn't interact with the document first. https://goo.gl/xX8pDD", source: https://web.whatsapp.com/app2.f0158d8b55c091e6379e.js (2)
[0611/115328.246:INFO:CONSOLE(2)] "Uncaught (in promise) NotAllowedError: play() failed because the user didn't interact with the document first. https://goo.gl/xX8pDD", source: https://web.whatsapp.com/app2.f0158d8b55c091e6379e.js (2)
[0611/115421.603:INFO:CONSOLE(2)] "Uncaught (in promise) NotAllowedError: play() failed because the user didn't interact with the document first. https://goo.gl/xX8pDD", source: https://web.whatsapp.com/app2.f0158d8b55c091e6379e.js (2)
[0611/151402.951:INFO:CONSOLE(2)] "WebSocket connection to 'wss://web.whatsapp.com/ws' failed: Error in connection establishment: net::ERR_NETWORK_IO_SUSPENDED", source: https://web.whatsapp.com/app.7c741482fddbc756da70.js (2)
[0611/151413.475:INFO:CONSOLE(2)] "WebSocket connection to 'wss://web.whatsapp.com/ws' failed: ", source: https://web.whatsapp.com/app.7c741482fddbc756da70.js (2)
[0611/152428.854:ERROR:broker_win.cc(137)] Error sending sync broker message: The pipe is being closed. (0xE8)
[0611/152428.855:ERROR:command_buffer_proxy_impl.cc(101)] ContextResult::kFatalFailure: AllocateAndMapSharedMemory failed
[0611/162756.693:INFO:CONSOLE(2)] "Uncaught (in promise) NotAllowedError: play() failed because the user didn't interact with the document first. https://goo.gl/xX8pDD", source: https://web.whatsapp.com/app2.f0158d8b55c091e6379e.js (2)
[0612/104501.625:INFO:CONSOLE(2)] "Uncaught (in promise) NotAllowedError: play() failed because the user didn't interact with the document first. https://goo.gl/xX8pDD", source: https://web.whatsapp.com/app2.f0158d8b55c091e6379e.js (2)
[0612/104658.147:INFO:CONSOLE(2)] "Uncaught (in promise) NotAllowedError: play() failed because the user didn't interact with the document first. https://goo.gl/xX8pDD", source: https://web.whatsapp.com/app2.f0158d8b55c091e6379e.js (2)
[0612/114300.206:ERROR:backend_impl.cc(1065)] Critical error found -8
[0612/114300.235:WARNING:storage_block-inl.h(131)] Failed data load.
[0612/114300.235:WARNING:storage_block-inl.h(131)] Failed data load.
[0612/114300.235:ERROR:entry_impl.cc(1062)] No file for c103002a
[0612/114300.249:WARNING:storage_block-inl.h(131)] Failed data load.
[0613/105531.867:INFO:CONSOLE(2)] "Uncaught (in promise) NotAllowedError: play() failed because the user didn't interact with the document first. https://goo.gl/xX8pDD", source: https://web.whatsapp.com/app2.f0158d8b55c091e6379e.js (2)
[0613/105708.779:INFO:CONSOLE(2)] "Uncaught (in promise) NotAllowedError: play() failed because the user didn't interact with the document first. https://goo.gl/xX8pDD", source: https://web.whatsapp.com/app2.f0158d8b55c091e6379e.js (2)
[0613/105824.848:INFO:CONSOLE(27)] "The provided value 'moz-chunked-arraybuffer' is not a valid enum value of type XMLHttpRequestResponseType.", source: https://web.whatsapp.com/pdf.worker.fc0b1bfdd5dbccf8371ca82433178e93.js (27)
[0613/105847.423:INFO:CONSOLE(2)] "Uncaught (in promise) NotAllowedError: play() failed because the user didn't interact with the document first. https://goo.gl/xX8pDD", source: https://web.whatsapp.com/app2.f0158d8b55c091e6379e.js (2)
[0613/110040.875:INFO:CONSOLE(2)] "Uncaught (in promise) NotAllowedError: play() failed because the user didn't interact with the document first. https://goo.gl/xX8pDD", source: https://web.whatsapp.com/app2.f0158d8b55c091e6379e.js (2)
[0613/110841.797:INFO:CONSOLE(2)] "Uncaught (in promise) NotAllowedError: play() failed because the user didn't interact with the document first. https://goo.gl/xX8pDD", source: https://web.whatsapp.com/app2.f0158d8b55c091e6379e.js (2)
[0613/122219.338:WARNING:simple_index_file.cc(540)] Corrupt Simple Index File.
[0613/122219.339:WARNING:simple_index_file.cc(540)] Corrupt Simple Index File.
[0613/122219.343:WARNING:simple_index_file.cc(540)] Corrupt Simple Index File.
[0613/122219.694:WARNING:backend_impl.cc(1841)] Destroying invalid entry.
[0613/122219.694:ERROR:backend_impl.cc(1065)] Critical error found -8
[0613/122221.311:WARNING:storage_block-inl.h(131)] Failed data load.
[0613/122221.311:WARNING:storage_block-inl.h(131)] Failed data load.
[0613/122221.311:WARNING:storage_block-inl.h(131)] Failed data load.
[0613/122221.320:WARNING:storage_block-inl.h(131)] Failed data load.
[0613/122221.324:ERROR:block_files.cc(111)] Failing CreateMapBlock
[0613/122221.324:ERROR:entry_impl.cc(985)] Failed to save user data
[0613/122221.324:ERROR:entry_impl.cc(985)] Failed to save user data
[0613/124005.964:INFO:CONSOLE(27)] "The provided value 'moz-chunked-arraybuffer' is not a valid enum value of type XMLHttpRequestResponseType.", source: https://web.whatsapp.com/pdf.worker.fc0b1bfdd5dbccf8371ca82433178e93.js (27)
[0613/125239.913:INFO:CONSOLE(2)] "Uncaught (in promise) NotAllowedError: play() failed because the user didn't interact with the document first. https://goo.gl/xX8pDD", source: https://web.whatsapp.com/app2.f0158d8b55c091e6379e.js (2)
[0613/144935.910:INFO:CONSOLE(2)] "WebSocket connection to 'wss://web.whatsapp.com/ws' failed: WebSocket is closed before the connection is established.", source: https://web.whatsapp.com/app.7c741482fddbc756da70.js (2)
[0613/144936.460:INFO:CONSOLE(2)] "WebSocket connection to 'wss://web.whatsapp.com/ws' failed: WebSocket is closed before the connection is established.", source: https://web.whatsapp.com/app.7c741482fddbc756da70.js (2)
[0613/144936.460:INFO:CONSOLE(2)] "WebSocket connection to 'wss://web.whatsapp.com/ws' failed: WebSocket is closed before the connection is established.", source: https://web.whatsapp.com/app.7c741482fddbc756da70.js (2)
[0613/144936.460:INFO:CONSOLE(2)] "WebSocket connection to 'wss://web.whatsapp.com/ws' failed: WebSocket is closed before the connection is established.", source: https://web.whatsapp.com/app.7c741482fddbc756da70.js (2)
[0613/144936.460:INFO:CONSOLE(2)] "WebSocket connection to 'wss://web.whatsapp.com/ws' failed: WebSocket is closed before the connection is established.", source: https://web.whatsapp.com/app.7c741482fddbc756da70.js (2)
[0614/080020.848:INFO:CONSOLE(2)] "WebSocket connection to 'wss://web.whatsapp.com/ws' failed: Error in connection establishment: net::ERR_NETWORK_IO_SUSPENDED", source: https://web.whatsapp.com/app.7c741482fddbc756da70.js (2)
[0614/080023.599:INFO:CONSOLE(2)] "WebSocket connection to 'wss://web.whatsapp.com/ws' failed: Error in connection establishment: net::ERR_INTERNET_DISCONNECTED", source: https://web.whatsapp.com/app.7c741482fddbc756da70.js (2)
[0614/103727.423:INFO:CONSOLE(2)] "Uncaught (in promise) NotAllowedError: play() failed because the user didn't interact with the document first. https://goo.gl/xX8pDD", source: https://web.whatsapp.com/app2.f0158d8b55c091e6379e.js (2)
[0614/112333.279:WARNING:backend_impl.cc(1841)] Destroying invalid entry.
[0614/112336.272:ERROR:backend_impl.cc(1065)] Critical error found -8
[0614/112336.273:WARNING:storage_block-inl.h(131)] Failed data load.
[0614/112336.273:WARNING:storage_block-inl.h(131)] Failed data load.
[0614/112336.273:WARNING:storage_block-inl.h(131)] Failed data load.
[0614/112336.285:WARNING:storage_block-inl.h(131)] Failed data load.
[0614/112336.286:WARNING:storage_block-inl.h(131)] Failed data load.
[0614/112336.287:ERROR:entry_impl.cc(1062)] No file for a3010004
[0614/112336.287:ERROR:entry_impl.cc(1062)] No file for c1030000
[0614/112336.288:WARNING:storage_block-inl.h(131)] Failed data load.
[0614/122134.061:INFO:CONSOLE(2)] "Uncaught (in promise) NotAllowedError: play() failed because the user didn't interact with the document first. https://goo.gl/xX8pDD", source: https://web.whatsapp.com/app2.f0158d8b55c091e6379e.js (2)
[0614/133009.386:INFO:CONSOLE(2)] "Uncaught (in promise) NotAllowedError: play() failed because the user didn't interact with the document first. https://goo.gl/xX8pDD", source: https://web.whatsapp.com/app2.f0158d8b55c091e6379e.js (2)
[0614/133049.788:INFO:CONSOLE(2)] "Uncaught (in promise) NotAllowedError: play() failed because the user didn't interact with the document first. https://goo.gl/xX8pDD", source: https://web.whatsapp.com/app2.f0158d8b55c091e6379e.js (2)
[0614/133404.316:INFO:CONSOLE(2)] "Uncaught (in promise) NotAllowedError: play() failed because the user didn't interact with the document first. https://goo.gl/xX8pDD", source: https://web.whatsapp.com/app2.f0158d8b55c091e6379e.js (2)
[0619/111054.354:INFO:CONSOLE(2)] "Uncaught (in promise) NotAllowedError: play() failed because the user didn't interact with the document first. https://goo.gl/xX8pDD", source: https://web.whatsapp.com/app2.128c6b55cfbd731874c7.js (2)
[0619/111902.003:INFO:CONSOLE(2)] "Uncaught (in promise) NotAllowedError: play() failed because the user didn't interact with the document first. https://goo.gl/xX8pDD", source: https://web.whatsapp.com/app2.128c6b55cfbd731874c7.js (2)
[0619/112303.958:INFO:CONSOLE(2)] "Uncaught (in promise) NotAllowedError: play() failed because the user didn't interact with the document first. https://goo.gl/xX8pDD", source: https://web.whatsapp.com/app2.128c6b55cfbd731874c7.js (2)
[0813/155750.097:WARNING:backend_impl.cc(1841)] Destroying invalid entry.
[0813/155750.149:WARNING:backend_impl.cc(1841)] Destroying invalid entry.
[0813/155750.149:WARNING:backend_impl.cc(1841)] Destroying invalid entry.
[0813/155750.149:WARNING:backend_impl.cc(1841)] Destroying invalid entry.
[0813/160020.461:INFO:CONSOLE(2)] "Uncaught (in promise) NotAllowedError: play() failed because the user didn't interact with the document first. https://goo.gl/xX8pDD", source: https://web.whatsapp.com/app2.1797c7e3a408574823e7.js (2)
[0926/145703.532:WARNING:backend_impl.cc(1633)] Messed up entry found.
[0926/145703.598:WARNING:backend_impl.cc(1841)] Destroying invalid entry.
[0926/145703.598:WARNING:backend_impl.cc(1633)] Messed up entry found.
[0926/145703.598:WARNING:backend_impl.cc(1841)] Destroying invalid entry.
[1001/145024.576:INFO:CONSOLE(1223)] "Uncaught TypeError: Cannot read property 'off' of undefined", source: about:blank (1223)
[1001/145044.657:INFO:CONSOLE(1)] "Uncaught TypeError: Cannot read property 'get' of undefined", source: about:blank (1)
[1001/145044.720:INFO:CONSOLE(1)] "Uncaught TypeError: Cannot read property '__x_displayName' of undefined", source: about:blank (1)
[1001/145055.878:INFO:CONSOLE(1)] "Uncaught TypeError: Cannot read property 'get' of undefined", source: about:blank (1)
[1001/145055.878:INFO:CONSOLE(1)] "Uncaught TypeError: Cannot read property '__x_displayName' of undefined", source: about:blank (1)
[1001/145106.921:INFO:CONSOLE(1)] "Uncaught TypeError: Cannot read property 'get' of undefined", source: about:blank (1)
[1001/145106.921:INFO:CONSOLE(1)] "Uncaught TypeError: Cannot read property '__x_displayName' of undefined", source: about:blank (1)
[1001/145117.932:INFO:CONSOLE(1)] "Uncaught TypeError: Cannot read property 'get' of undefined", source: about:blank (1)
[1001/145117.933:INFO:CONSOLE(1)] "Uncaught TypeError: Cannot read property '__x_displayName' of undefined", source: about:blank (1)
[1001/145128.947:INFO:CONSOLE(1)] "Uncaught TypeError: Cannot read property 'get' of undefined", source: about:blank (1)
[1001/145128.948:INFO:CONSOLE(1)] "Uncaught TypeError: Cannot read property '__x_displayName' of undefined", source: about:blank (1)
[1001/145139.961:INFO:CONSOLE(1)] "Uncaught TypeError: Cannot read property 'get' of undefined", source: about:blank (1)
[1001/145139.962:INFO:CONSOLE(1)] "Uncaught TypeError: Cannot read property '__x_displayName' of undefined", source: about:blank (1)
[1001/145150.982:INFO:CONSOLE(1)] "Uncaught TypeError: Cannot read property 'get' of undefined", source: about:blank (1)
[1001/145150.982:INFO:CONSOLE(1)] "Uncaught TypeError: Cannot read property '__x_displayName' of undefined", source: about:blank (1)
[1001/145201.997:INFO:CONSOLE(1)] "Uncaught TypeError: Cannot read property 'get' of undefined", source: about:blank (1)
[1001/145201.998:INFO:CONSOLE(1)] "Uncaught TypeError: Cannot read property '__x_displayName' of undefined", source: about:blank (1)
[1001/145213.017:INFO:CONSOLE(1)] "Uncaught TypeError: Cannot read property 'get' of undefined", source: about:blank (1)
[1001/145213.017:INFO:CONSOLE(1)] "Uncaught TypeError: Cannot read property '__x_displayName' of undefined", source: about:blank (1)
[1001/145224.028:INFO:CONSOLE(1)] "Uncaught TypeError: Cannot read property 'get' of undefined", source: about:blank (1)
[1001/145224.028:INFO:CONSOLE(1)] "Uncaught TypeError: Cannot read property '__x_displayName' of undefined", source: about:blank (1)
[1001/145235.038:INFO:CONSOLE(1)] "Uncaught TypeError: Cannot read property 'get' of undefined", source: about:blank (1)
[1001/145235.038:INFO:CONSOLE(1)] "Uncaught TypeError: Cannot read property '__x_displayName' of undefined", source: about:blank (1)
[1001/145246.050:INFO:CONSOLE(1)] "Uncaught TypeError: Cannot read property 'get' of undefined", source: about:blank (1)
[1001/145246.050:INFO:CONSOLE(1)] "Uncaught TypeError: Cannot read property '__x_displayName' of undefined", source: about:blank (1)
[1001/145257.062:INFO:CONSOLE(1)] "Uncaught TypeError: Cannot read property 'get' of undefined", source: about:blank (1)
[1001/145257.063:INFO:CONSOLE(1)] "Uncaught TypeError: Cannot read property '__x_displayName' of undefined", source: about:blank (1)
[1001/145308.077:INFO:CONSOLE(1)] "Uncaught TypeError: Cannot read property 'get' of undefined", source: about:blank (1)
[1001/145308.078:INFO:CONSOLE(1)] "Uncaught TypeError: Cannot read property '__x_displayName' of undefined", source: about:blank (1)
[1001/145636.656:INFO:CONSOLE(1223)] "Uncaught TypeError: Cannot read property 'off' of undefined", source: about:blank (1223)
[1001/145656.655:INFO:CONSOLE(1)] "Uncaught TypeError: Cannot read property 'get' of undefined", source: about:blank (1)
[1001/145656.686:INFO:CONSOLE(1)] "Uncaught TypeError: Cannot read property '__x_displayName' of undefined", source: about:blank (1)
[1001/145707.730:INFO:CONSOLE(1)] "Uncaught TypeError: Cannot read property 'get' of undefined", source: about:blank (1)
[1001/145707.735:INFO:CONSOLE(1)] "Uncaught TypeError: Cannot read property '__x_displayName' of undefined", source: about:blank (1)
[1001/145718.745:INFO:CONSOLE(1)] "Uncaught TypeError: Cannot read property 'get' of undefined", source: about:blank (1)
[1001/145718.746:INFO:CONSOLE(1)] "Uncaught TypeError: Cannot read property '__x_displayName' of undefined", source: about:blank (1)
[1001/145729.757:INFO:CONSOLE(1)] "Uncaught TypeError: Cannot read property 'get' of undefined", source: about:blank (1)
[1001/145729.758:INFO:CONSOLE(1)] "Uncaught TypeError: Cannot read property '__x_displayName' of undefined", source: about:blank (1)
[1001/145740.781:INFO:CONSOLE(1)] "Uncaught TypeError: Cannot read property 'get' of undefined", source: about:blank (1)
[1001/145740.781:INFO:CONSOLE(1)] "Uncaught TypeError: Cannot read property '__x_displayName' of undefined", source: about:blank (1)
[1001/145751.808:INFO:CONSOLE(1)] "Uncaught TypeError: Cannot read property 'get' of undefined", source: about:blank (1)
[1001/145751.808:INFO:CONSOLE(1)] "Uncaught TypeError: Cannot read property '__x_displayName' of undefined", source: about:blank (1)
[1001/145802.832:INFO:CONSOLE(1)] "Uncaught TypeError: Cannot read property 'get' of undefined", source: about:blank (1)
[1001/145802.833:INFO:CONSOLE(1)] "Uncaught TypeError: Cannot read property '__x_displayName' of undefined", source: about:blank (1)
[1001/145813.874:INFO:CONSOLE(1)] "Uncaught TypeError: Cannot read property 'get' of undefined", source: about:blank (1)
[1001/145813.875:INFO:CONSOLE(1)] "Uncaught TypeError: Cannot read property '__x_displayName' of undefined", source: about:blank (1)
[1001/145824.903:INFO:CONSOLE(1)] "Uncaught TypeError: Cannot read property 'get' of undefined", source: about:blank (1)
[1001/145824.903:INFO:CONSOLE(1)] "Uncaught TypeError: Cannot read property '__x_displayName' of undefined", source: about:blank (1)
[1001/145835.928:INFO:CONSOLE(1)] "Uncaught TypeError: Cannot read property 'get' of undefined", source: about:blank (1)
[1001/145835.928:INFO:CONSOLE(1)] "Uncaught TypeError: Cannot read property '__x_displayName' of undefined", source: about:blank (1)
[1001/145846.953:INFO:CONSOLE(1)] "Uncaught TypeError: Cannot read property 'get' of undefined", source: about:blank (1)
[1001/145846.953:INFO:CONSOLE(1)] "Uncaught TypeError: Cannot read property '__x_displayName' of undefined", source: about:blank (1)
[1001/150710.179:INFO:CONSOLE(1223)] "Uncaught TypeError: Cannot read property 'off' of undefined", source: about:blank (1223)
[1001/150918.258:INFO:CONSOLE(1223)] "Uncaught TypeError: Cannot read property 'off' of undefined", source: about:blank (1223)
[1001/150938.264:INFO:CONSOLE(1)] "Uncaught TypeError: Cannot read property 'get' of undefined", source: about:blank (1)
[1001/150938.278:INFO:CONSOLE(1)] "Uncaught TypeError: Cannot read property '__x_displayName' of undefined", source: about:blank (1)
[1001/150949.299:INFO:CONSOLE(1)] "Uncaught TypeError: Cannot read property 'get' of undefined", source: about:blank (1)
[1001/150949.299:INFO:CONSOLE(1)] "Uncaught TypeError: Cannot read property '__x_displayName' of undefined", source: about:blank (1)
[1001/151000.329:INFO:CONSOLE(1)] "Uncaught TypeError: Cannot read property 'get' of undefined", source: about:blank (1)
[1001/151000.330:INFO:CONSOLE(1)] "Uncaught TypeError: Cannot read property '__x_displayName' of undefined", source: about:blank (1)
[1001/151011.354:INFO:CONSOLE(1)] "Uncaught TypeError: Cannot read property 'get' of undefined", source: about:blank (1)
[1001/151011.354:INFO:CONSOLE(1)] "Uncaught TypeError: Cannot read property '__x_displayName' of undefined", source: about:blank (1)
[1001/151022.383:INFO:CONSOLE(1)] "Uncaught TypeError: Cannot read property 'get' of undefined", source: about:blank (1)
[1001/151022.385:INFO:CONSOLE(1)] "Uncaught TypeError: Cannot read property '__x_displayName' of undefined", source: about:blank (1)
[1001/151233.106:INFO:CONSOLE(1223)] "Uncaught TypeError: Cannot read property 'off' of undefined", source: about:blank (1223)
[1001/151340.899:WARNING:audio_sync_reader.cc(187)] ASR: No room in socket buffer.: The pipe is being closed. (0xE8)
[1001/151341.102:WARNING:audio_sync_reader.cc(205)] AudioSyncReader::Read timed out, audio glitch count=10
[1001/151341.305:WARNING:audio_sync_reader.cc(205)] AudioSyncReader::Read timed out, audio glitch count=20
[1001/151341.509:WARNING:audio_sync_reader.cc(205)] AudioSyncReader::Read timed out, audio glitch count=30
[1001/151341.712:WARNING:audio_sync_reader.cc(205)] AudioSyncReader::Read timed out, audio glitch count=40
[1001/151341.915:WARNING:audio_sync_reader.cc(205)] AudioSyncReader::Read timed out, audio glitch count=50
[1001/151342.118:WARNING:audio_sync_reader.cc(205)] AudioSyncReader::Read timed out, audio glitch count=60
[1001/151342.321:WARNING:audio_sync_reader.cc(205)] AudioSyncReader::Read timed out, audio glitch count=70
[1001/151342.524:WARNING:audio_sync_reader.cc(205)] AudioSyncReader::Read timed out, audio glitch count=80
[1001/151342.728:WARNING:audio_sync_reader.cc(205)] AudioSyncReader::Read timed out, audio glitch count=90
[1001/151342.931:WARNING:audio_sync_reader.cc(205)] AudioSyncReader::Read timed out, audio glitch count=100
[1001/151342.931:WARNING:audio_sync_reader.cc(208)] (log cap reached, suppressing further logs)
[1001/151403.149:INFO:CONSOLE(1)] "Uncaught TypeError: Cannot read property 'get' of undefined", source: about:blank (1)
[1001/151426.741:INFO:CONSOLE(1)] "Uncaught TypeError: Cannot read property '__x_displayName' of undefined", source: about:blank (1)
[1001/151505.245:INFO:CONSOLE(1)] "Uncaught TypeError: Cannot read property 'get' of undefined", source: about:blank (1)
[1001/151508.827:INFO:CONSOLE(1)] "Uncaught TypeError: Cannot read property '__x_displayName' of undefined", source: about:blank (1)
[1001/161149.441:INFO:CONSOLE(1223)] "Uncaught TypeError: Cannot read property 'off' of undefined", source: about:blank (1223)
[1001/161209.439:INFO:CONSOLE(1)] "Uncaught TypeError: Cannot read property 'get' of undefined", source: about:blank (1)
[1001/161209.456:INFO:CONSOLE(1)] "Uncaught TypeError: Cannot read property '__x_displayName' of undefined", source: about:blank (1)
[1001/161220.490:INFO:CONSOLE(1)] "Uncaught TypeError: Cannot read property 'get' of undefined", source: about:blank (1)
[1001/161220.490:INFO:CONSOLE(1)] "Uncaught TypeError: Cannot read property '__x_displayName' of undefined", source: about:blank (1)
[1001/161231.506:INFO:CONSOLE(1)] "Uncaught TypeError: Cannot read property 'get' of undefined", source: about:blank (1)
[1001/161231.507:INFO:CONSOLE(1)] "Uncaught TypeError: Cannot read property '__x_displayName' of undefined", source: about:blank (1)
[1001/161242.520:INFO:CONSOLE(1)] "Uncaught TypeError: Cannot read property 'get' of undefined", source: about:blank (1)
[1001/161242.520:INFO:CONSOLE(1)] "Uncaught TypeError: Cannot read property '__x_displayName' of undefined", source: about:blank (1)
[1001/161253.536:INFO:CONSOLE(1)] "Uncaught TypeError: Cannot read property 'get' of undefined", source: about:blank (1)
[1001/161253.537:INFO:CONSOLE(1)] "Uncaught TypeError: Cannot read property '__x_displayName' of undefined", source: about:blank (1)
[1001/161304.551:INFO:CONSOLE(1)] "Uncaught TypeError: Cannot read property 'get' of undefined", source: about:blank (1)
[1001/161304.552:INFO:CONSOLE(1)] "Uncaught TypeError: Cannot read property '__x_displayName' of undefined", source: about:blank (1)
[1001/161315.569:INFO:CONSOLE(1)] "Uncaught TypeError: Cannot read property 'get' of undefined", source: about:blank (1)
[1001/161315.570:INFO:CONSOLE(1)] "Uncaught TypeError: Cannot read property '__x_displayName' of undefined", source: about:blank (1)
[1001/161326.582:INFO:CONSOLE(1)] "Uncaught TypeError: Cannot read property 'get' of undefined", source: about:blank (1)
[1001/161326.582:INFO:CONSOLE(1)] "Uncaught TypeError: Cannot read property '__x_displayName' of undefined", source: about:blank (1)
[1001/161337.593:INFO:CONSOLE(1)] "Uncaught TypeError: Cannot read property 'get' of undefined", source: about:blank (1)
[1001/161337.594:INFO:CONSOLE(1)] "Uncaught TypeError: Cannot read property '__x_displayName' of undefined", source: about:blank (1)
[1001/161348.608:INFO:CONSOLE(1)] "Uncaught TypeError: Cannot read property 'get' of undefined", source: about:blank (1)
[1001/161348.609:INFO:CONSOLE(1)] "Uncaught TypeError: Cannot read property '__x_displayName' of undefined", source: about:blank (1)
[1001/161359.622:INFO:CONSOLE(1)] "Uncaught TypeError: Cannot read property 'get' of undefined", source: about:blank (1)
[1001/161359.622:INFO:CONSOLE(1)] "Uncaught TypeError: Cannot read property '__x_displayName' of undefined", source: about:blank (1)
[1001/161410.635:INFO:CONSOLE(1)] "Uncaught TypeError: Cannot read property 'get' of undefined", source: about:blank (1)
[1001/161410.636:INFO:CONSOLE(1)] "Uncaught TypeError: Cannot read property '__x_displayName' of undefined", source: about:blank (1)
[1001/161421.651:INFO:CONSOLE(1)] "Uncaught TypeError: Cannot read property 'get' of undefined", source: about:blank (1)
[1001/161421.652:INFO:CONSOLE(1)] "Uncaught TypeError: Cannot read property '__x_displayName' of undefined", source: about:blank (1)
[1001/161432.663:INFO:CONSOLE(1)] "Uncaught TypeError: Cannot read property 'get' of undefined", source: about:blank (1)
[1001/161432.664:INFO:CONSOLE(1)] "Uncaught TypeError: Cannot read property '__x_displayName' of undefined", source: about:blank (1)
[1001/161443.680:INFO:CONSOLE(1)] "Uncaught TypeError: Cannot read property 'get' of undefined", source: about:blank (1)
[1001/161443.680:INFO:CONSOLE(1)] "Uncaught TypeError: Cannot read property '__x_displayName' of undefined", source: about:blank (1)
[1001/161448.746:ERROR:broker_win.cc(137)] Error sending sync broker message: The pipe is being closed. (0xE8)
[1001/161448.746:ERROR:command_buffer_proxy_impl.cc(101)] ContextResult::kFatalFailure: AllocateAndMapSharedMemory failed
[1002/092925.688:INFO:CONSOLE(1223)] "Uncaught TypeError: Cannot read property 'off' of undefined", source: about:blank (1223)
[1002/092945.563:INFO:CONSOLE(1)] "Uncaught TypeError: Cannot read property 'get' of undefined", source: about:blank (1)
[1002/092945.602:INFO:CONSOLE(1)] "Uncaught TypeError: Cannot read property '__x_displayName' of undefined", source: about:blank (1)
[1002/092956.846:INFO:CONSOLE(1)] "Uncaught TypeError: Cannot read property 'get' of undefined", source: about:blank (1)
[1002/092956.847:INFO:CONSOLE(1)] "Uncaught TypeError: Cannot read property '__x_displayName' of undefined", source: about:blank (1)
[1002/122318.444:INFO:CONSOLE(1223)] "Uncaught TypeError: Cannot read property 'off' of undefined", source: about:blank (1223)
[1002/122338.448:INFO:CONSOLE(1)] "Uncaught TypeError: Cannot read property 'get' of undefined", source: about:blank (1)
[1002/122338.501:INFO:CONSOLE(1)] "Uncaught TypeError: Cannot read property '__x_displayName' of undefined", source: about:blank (1)
[1002/150708.597:INFO:CONSOLE(1223)] "Uncaught TypeError: Cannot read property 'off' of undefined", source: about:blank (1223)
[1002/162058.179:INFO:CONSOLE(1226)] "Uncaught TypeError: Cannot read property 'on' of undefined", source: about:blank (1226)
[1002/162118.229:INFO:CONSOLE(1)] "Uncaught TypeError: Cannot read property 'get' of undefined", source: about:blank (1)
[1002/162118.266:INFO:CONSOLE(1)] "Uncaught TypeError: Cannot read property '__x_displayName' of undefined", source: about:blank (1)
[1002/162129.393:INFO:CONSOLE(1)] "Uncaught TypeError: Cannot read property 'get' of undefined", source: about:blank (1)
[1002/162129.394:INFO:CONSOLE(1)] "Uncaught TypeError: Cannot read property '__x_displayName' of undefined", source: about:blank (1)
[1002/162140.419:INFO:CONSOLE(1)] "Uncaught TypeError: Cannot read property 'get' of undefined", source: about:blank (1)
[1002/162140.420:INFO:CONSOLE(1)] "Uncaught TypeError: Cannot read property '__x_displayName' of undefined", source: about:blank (1)
[1002/162151.432:INFO:CONSOLE(1)] "Uncaught TypeError: Cannot read property 'get' of undefined", source: about:blank (1)
[1002/162151.433:INFO:CONSOLE(1)] "Uncaught TypeError: Cannot read property '__x_displayName' of undefined", source: about:blank (1)
[1002/162352.648:INFO:CONSOLE(1118)] "Uncaught TypeError: Cannot read property 'off' of undefined", source: about:blank (1118)
[1002/162412.648:INFO:CONSOLE(1)] "Uncaught TypeError: Cannot read property 'get' of undefined", source: about:blank (1)
[1002/162412.673:INFO:CONSOLE(1)] "Uncaught TypeError: Cannot read property '__x_displayName' of undefined", source: about:blank (1)
[1002/162424.440:INFO:CONSOLE(1)] "Uncaught TypeError: Cannot read property 'get' of undefined", source: about:blank (1)
[1002/162424.451:INFO:CONSOLE(1)] "Uncaught TypeError: Cannot read property '__x_displayName' of undefined", source: about:blank (1)
[1002/162435.468:INFO:CONSOLE(1)] "Uncaught TypeError: Cannot read property 'get' of undefined", source: about:blank (1)
[1002/162435.468:INFO:CONSOLE(1)] "Uncaught TypeError: Cannot read property '__x_displayName' of undefined", source: about:blank (1)
[1002/162446.478:INFO:CONSOLE(1)] "Uncaught TypeError: Cannot read property 'get' of undefined", source: about:blank (1)
[1002/162446.479:INFO:CONSOLE(1)] "Uncaught TypeError: Cannot read property '__x_displayName' of undefined", source: about:blank (1)
[1002/162535.568:INFO:CONSOLE(1118)] "Uncaught TypeError: Cannot read property 'off' of undefined", source: about:blank (1118)
[1002/162555.581:INFO:CONSOLE(1)] "Uncaught TypeError: Cannot read property 'get' of undefined", source: about:blank (1)
[1002/162555.597:INFO:CONSOLE(1)] "Uncaught TypeError: Cannot read property '__x_displayName' of undefined", source: about:blank (1)
[1002/162606.642:INFO:CONSOLE(1)] "Uncaught TypeError: Cannot read property 'get' of undefined", source: about:blank (1)
[1002/162606.643:INFO:CONSOLE(1)] "Uncaught TypeError: Cannot read property '__x_displayName' of undefined", source: about:blank (1)
[1002/162618.398:INFO:CONSOLE(1)] "Uncaught TypeError: Cannot read property 'get' of undefined", source: about:blank (1)
[1002/162618.425:INFO:CONSOLE(1)] "Uncaught TypeError: Cannot read property '__x_displayName' of undefined", source: about:blank (1)
[1002/162629.442:INFO:CONSOLE(1)] "Uncaught TypeError: Cannot read property 'get' of undefined", source: about:blank (1)
[1002/162629.442:INFO:CONSOLE(1)] "Uncaught TypeError: Cannot read property '__x_displayName' of undefined", source: about:blank (1)
[1002/162640.328:ERROR:broker_win.cc(137)] Error sending sync broker message: The pipe is being closed. (0xE8)
[1002/162640.328:ERROR:command_buffer_proxy_impl.cc(101)] ContextResult::kFatalFailure: AllocateAndMapSharedMemory failed
[1002/163108.665:INFO:CONSOLE(1118)] "Uncaught TypeError: Cannot read property 'off' of undefined", source: about:blank (1118)
[1002/163151.166:WARNING:audio_sync_reader.cc(187)] ASR: No room in socket buffer.: The pipe is being closed. (0xE8)
[1002/163151.369:WARNING:audio_sync_reader.cc(205)] AudioSyncReader::Read timed out, audio glitch count=10
[1002/163151.572:WARNING:audio_sync_reader.cc(205)] AudioSyncReader::Read timed out, audio glitch count=20
[1002/163151.775:WARNING:audio_sync_reader.cc(205)] AudioSyncReader::Read timed out, audio glitch count=30
[1002/163151.979:WARNING:audio_sync_reader.cc(205)] AudioSyncReader::Read timed out, audio glitch count=40
[1002/163152.181:WARNING:audio_sync_reader.cc(205)] AudioSyncReader::Read timed out, audio glitch count=50
[1002/163152.385:WARNING:audio_sync_reader.cc(205)] AudioSyncReader::Read timed out, audio glitch count=60
[1002/163152.588:WARNING:audio_sync_reader.cc(205)] AudioSyncReader::Read timed out, audio glitch count=70
[1002/163152.791:WARNING:audio_sync_reader.cc(205)] AudioSyncReader::Read timed out, audio glitch count=80
[1002/163152.994:WARNING:audio_sync_reader.cc(205)] AudioSyncReader::Read timed out, audio glitch count=90
[1002/163153.198:WARNING:audio_sync_reader.cc(205)] AudioSyncReader::Read timed out, audio glitch count=100
[1002/163153.198:WARNING:audio_sync_reader.cc(208)] (log cap reached, suppressing further logs)
[1002/163218.916:INFO:CONSOLE(1)] "Uncaught TypeError: Cannot read property 'get' of undefined", source: about:blank (1)
[1002/163218.940:INFO:CONSOLE(1)] "Uncaught TypeError: Cannot read property '__x_displayName' of undefined", source: about:blank (1)
[1002/163311.203:INFO:CONSOLE(1)] "Uncaught TypeError: Cannot read property 'get' of undefined", source: about:blank (1)
[1002/165019.963:INFO:CONSOLE(1118)] "Uncaught TypeError: Cannot read property 'off' of undefined", source: about:blank (1118)
[1002/165104.111:INFO:CONSOLE(1)] "Uncaught TypeError: Cannot read property 'get' of undefined", source: about:blank (1)
[1002/165127.876:INFO:CONSOLE(1)] "Uncaught TypeError: Cannot read property '__x_displayName' of undefined", source: about:blank (1)
[1002/165153.382:INFO:CONSOLE(1)] "Uncaught TypeError: Cannot read property 'get' of undefined", source: about:blank (1)
[1002/165210.537:ERROR:broker_win.cc(137)] Error sending sync broker message: The pipe is being closed. (0xE8)
[1002/165210.537:ERROR:command_buffer_proxy_impl.cc(101)] ContextResult::kFatalFailure: AllocateAndMapSharedMemory failed
[1004/091324.277:INFO:CONSOLE(1118)] "Uncaught TypeError: Cannot read property 'off' of undefined", source: about:blank (1118)
[1004/091344.338:INFO:CONSOLE(1)] "Uncaught TypeError: Cannot read property 'get' of undefined", source: about:blank (1)
[1004/091344.367:INFO:CONSOLE(1)] "Uncaught TypeError: Cannot read property '__x_displayName' of undefined", source: about:blank (1)
[1004/091355.520:INFO:CONSOLE(1)] "Uncaught TypeError: Cannot read property 'get' of undefined", source: about:blank (1)
[1004/091355.521:INFO:CONSOLE(1)] "Uncaught TypeError: Cannot read property '__x_displayName' of undefined", source: about:blank (1)
[1004/091406.550:INFO:CONSOLE(1)] "Uncaught TypeError: Cannot read property 'get' of undefined", source: about:blank (1)
[1004/091406.552:INFO:CONSOLE(1)] "Uncaught TypeError: Cannot read property '__x_displayName' of undefined", source: about:blank (1)
[1004/091417.571:INFO:CONSOLE(1)] "Uncaught TypeError: Cannot read property 'get' of undefined", source: about:blank (1)
[1004/091417.572:INFO:CONSOLE(1)] "Uncaught TypeError: Cannot read property '__x_displayName' of undefined", source: about:blank (1)
[1004/091914.615:INFO:CONSOLE(1118)] "Uncaught TypeError: Cannot read property 'off' of undefined", source: about:blank (1118)
[1004/093028.133:ERROR:inspector_emulation_agent.cc(537)] Can only enable virtual time for pages, not workers
[1004/093028.133:ERROR:inspector_emulation_agent.cc(537)] Can only enable virtual time for pages, not workers
[1004/093028.133:ERROR:inspector_emulation_agent.cc(537)] Can only enable virtual time for pages, not workers
[1004/093028.134:ERROR:inspector_emulation_agent.cc(537)] Can only enable virtual time for pages, not workers
[1004/093028.134:ERROR:inspector_emulation_agent.cc(537)] Can only enable virtual time for pages, not workers
[1004/093028.134:ERROR:inspector_emulation_agent.cc(537)] Can only enable virtual time for pages, not workers
[1004/093028.134:ERROR:inspector_emulation_agent.cc(537)] Can only enable virtual time for pages, not workers
[1004/093724.403:ERROR:inspector_emulation_agent.cc(537)] Can only enable virtual time for pages, not workers
[1004/093724.404:ERROR:inspector_emulation_agent.cc(537)] Can only enable virtual time for pages, not workers
[1004/093724.404:ERROR:inspector_emulation_agent.cc(537)] Can only enable virtual time for pages, not workers
[1004/093724.404:ERROR:inspector_emulation_agent.cc(537)] Can only enable virtual time for pages, not workers
[1004/093724.404:ERROR:inspector_emulation_agent.cc(537)] Can only enable virtual time for pages, not workers
[1004/093724.404:ERROR:inspector_emulation_agent.cc(537)] Can only enable virtual time for pages, not workers
[1004/093724.404:ERROR:inspector_emulation_agent.cc(537)] Can only enable virtual time for pages, not workers
[1004/102042.593:ERROR:inspector_emulation_agent.cc(537)] Can only enable virtual time for pages, not workers
[1004/102042.630:ERROR:inspector_emulation_agent.cc(537)] Can only enable virtual time for pages, not workers
[1004/102042.630:ERROR:inspector_emulation_agent.cc(537)] Can only enable virtual time for pages, not workers
[1004/102042.630:ERROR:inspector_emulation_agent.cc(537)] Can only enable virtual time for pages, not workers
[1004/102042.630:ERROR:inspector_emulation_agent.cc(537)] Can only enable virtual time for pages, not workers
[1004/102042.630:ERROR:inspector_emulation_agent.cc(537)] Can only enable virtual time for pages, not workers
[1004/102042.631:ERROR:inspector_emulation_agent.cc(537)] Can only enable virtual time for pages, not workers
[1004/102256.662:INFO:CONSOLE(1118)] "Uncaught TypeError: Cannot read property 'off' of undefined", source: about:blank (1118)
